# JRE version: Java(TM) SE Runtime Environment (7.0_55-b13) (build 1.7.0_55-b13)
# Java VM: Java HotSpot(TM) 64-Bit Server VM (24.55-b03 mixed mode windows-amd64 compressed oops)
Heap
 PSYoungGen      total 116736K, used 41284K [0x00000000f5500000, 0x0000000100000000, 0x0000000100000000)
  eden space 58368K, 66% used [0x00000000f5500000,0x00000000f7ae0a70,0x00000000f8e00000)
  from space 58368K, 4% used [0x00000000fc700000,0x00000000fc970930,0x0000000100000000)
  to   space 58368K, 0% used [0x00000000f8e00000,0x00000000f8e00000,0x00000000fc700000)
 ParOldGen       total 167936K, used 120422K [0x00000000e0000000, 0x00000000ea400000, 0x00000000f5500000)
  object space 167936K, 71% used [0x00000000e0000000,0x00000000e7599a28,0x00000000ea400000)
 PSPermGen       total 45568K, used 34499K [0x00000000dae00000, 0x00000000dda80000, 0x00000000e0000000)
  object space 45568K, 75% used [0x00000000dae00000,0x00000000dcfb0cd0,0x00000000dda80000)
GC Heap History (10 events):
Event: 536.943 GC heap before
{Heap before GC invocations=23 (full 3):
 PSYoungGen      total 116736K, used 58368K [0x00000000f5500000, 0x0000000100000000, 0x0000000100000000)
  eden space 58368K, 100% used [0x00000000f5500000,0x00000000f8e00000,0x00000000f8e00000)
  from space 58368K, 0% used [0x00000000f8e00000,0x00000000f8e00000,0x00000000fc700000)
  to   space 58368K, 0% used [0x00000000fc700000,0x00000000fc700000,0x0000000100000000)
 ParOldGen       total 167936K, used 79667K [0x00000000e0000000, 0x00000000ea400000, 0x00000000f5500000)
  object space 167936K, 47% used [0x00000000e0000000,0x00000000e4dccc80,0x00000000ea400000)
 PSPermGen       total 45568K, used 29697K [0x00000000dae00000, 0x00000000dda80000, 0x00000000e0000000)
  object space 45568K, 65% used [0x00000000dae00000,0x00000000dcb007e8,0x00000000dda80000)
Event: 536.966 GC heap after
Heap after GC invocations=23 (full 3):
 PSYoungGen      total 116736K, used 15456K [0x00000000f5500000, 0x0000000100000000, 0x0000000100000000)
  eden space 58368K, 0% used [0x00000000f5500000,0x00000000f5500000,0x00000000f8e00000)
  from space 58368K, 26% used [0x00000000fc700000,0x00000000fd618010,0x0000000100000000)
  to   space 58368K, 0% used [0x00000000f8e00000,0x00000000f8e00000,0x00000000fc700000)
 ParOldGen       total 167936K, used 79667K [0x00000000e0000000, 0x00000000ea400000, 0x00000000f5500000)
  object space 167936K, 47% used [0x00000000e0000000,0x00000000e4dccc80,0x00000000ea400000)
 PSPermGen       total 45568K, used 29697K [0x00000000dae00000, 0x00000000dda80000, 0x00000000e0000000)
  object space 45568K, 65% used [0x00000000dae00000,0x00000000dcb007e8,0x00000000dda80000)
}
Event: 537.739 GC heap before
{Heap before GC invocations=24 (full 3):
 PSYoungGen      total 116736K, used 73824K [0x00000000f5500000, 0x0000000100000000, 0x0000000100000000)
  eden space 58368K, 100% used [0x00000000f5500000,0x00000000f8e00000,0x00000000f8e00000)
  from space 58368K, 26% used [0x00000000fc700000,0x00000000fd618010,0x0000000100000000)
  to   space 58368K, 0% used [0x00000000f8e00000,0x00000000f8e00000,0x00000000fc700000)
 ParOldGen       total 167936K, used 79667K [0x00000000e0000000, 0x00000000ea400000, 0x00000000f5500000)
  object space 167936K, 47% used [0x00000000e0000000,0x00000000e4dccc80,0x00000000ea400000)
 PSPermGen       total 45568K, used 29739K [0x00000000dae00000, 0x00000000dda80000, 0x00000000e0000000)
  object space 45568K, 65% used [0x00000000dae00000,0x00000000dcb0ae18,0x00000000dda80000)
Event: 537.800 GC heap after
Heap after GC invocations=24 (full 3):
 PSYoungGen      total 116736K, used 31192K [0x00000000f5500000, 0x0000000100000000, 0x0000000100000000)
  eden space 58368K, 0% used [0x00000000f5500000,0x00000000f5500000,0x00000000f8e00000)
  from space 58368K, 53% used [0x00000000f8e00000,0x00000000fac76218,0x00000000fc700000)
  to   space 58368K, 0% used [0x00000000fc700000,0x00000000fc700000,0x0000000100000000)
 ParOldGen       total 167936K, used 79667K [0x00000000e0000000, 0x00000000ea400000, 0x00000000f5500000)
  object space 167936K, 47% used [0x00000000e0000000,0x00000000e4dccc80,0x00000000ea400000)
 PSPermGen       total 45568K, used 29739K [0x00000000dae00000, 0x00000000dda80000, 0x00000000e0000000)
  object space 45568K, 65% used [0x00000000dae00000,0x00000000dcb0ae18,0x00000000dda80000)
}
Event: 538.754 GC heap before
{Heap before GC invocations=25 (full 3):
 PSYoungGen      total 116736K, used 89560K [0x00000000f5500000, 0x0000000100000000, 0x0000000100000000)
  eden space 58368K, 100% used [0x00000000f5500000,0x00000000f8e00000,0x00000000f8e00000)
  from space 58368K, 53% used [0x00000000f8e00000,0x00000000fac76218,0x00000000fc700000)
  to   space 58368K, 0% used [0x00000000fc700000,0x00000000fc700000,0x0000000100000000)
 ParOldGen       total 167936K, used 79667K [0x00000000e0000000, 0x00000000ea400000, 0x00000000f5500000)
  object space 167936K, 47% used [0x00000000e0000000,0x00000000e4dccc80,0x00000000ea400000)
 PSPermGen       total 45568K, used 31194K [0x00000000dae00000, 0x00000000dda80000, 0x00000000e0000000)
  object space 45568K, 68% used [0x00000000dae00000,0x00000000dcc769f0,0x00000000dda80000)
Event: 538.812 GC heap after
Heap after GC invocations=25 (full 3):
 PSYoungGen      total 116736K, used 24096K [0x00000000f5500000, 0x0000000100000000, 0x0000000100000000)
  eden space 58368K, 0% used [0x00000000f5500000,0x00000000f5500000,0x00000000f8e00000)
  from space 58368K, 41% used [0x00000000fc700000,0x00000000fde88060,0x0000000100000000)
  to   space 58368K, 0% used [0x00000000f8e00000,0x00000000f8e00000,0x00000000fc700000)
 ParOldGen       total 167936K, used 95123K [0x00000000e0000000, 0x00000000ea400000, 0x00000000f5500000)
  object space 167936K, 56% used [0x00000000e0000000,0x00000000e5ce4c90,0x00000000ea400000)
 PSPermGen       total 45568K, used 31194K [0x00000000dae00000, 0x00000000dda80000, 0x00000000e0000000)
  object space 45568K, 68% used [0x00000000dae00000,0x00000000dcc769f0,0x00000000dda80000)
}
Event: 540.796 GC heap before
{Heap before GC invocations=26 (full 3):
 PSYoungGen      total 116736K, used 82464K [0x00000000f5500000, 0x0000000100000000, 0x0000000100000000)
  eden space 58368K, 100% used [0x00000000f5500000,0x00000000f8e00000,0x00000000f8e00000)
  from space 58368K, 41% used [0x00000000fc700000,0x00000000fde88060,0x0000000100000000)
  to   space 58368K, 0% used [0x00000000f8e00000,0x00000000f8e00000,0x00000000fc700000)
 ParOldGen       total 167936K, used 95123K [0x00000000e0000000, 0x00000000ea400000, 0x00000000f5500000)
  object space 167936K, 56% used [0x00000000e0000000,0x00000000e5ce4c90,0x00000000ea400000)
 PSPermGen       total 45568K, used 32581K [0x00000000dae00000, 0x00000000dda80000, 0x00000000e0000000)
  object space 45568K, 71% used [0x00000000dae00000,0x00000000dcdd14a0,0x00000000dda80000)
Event: 540.853 GC heap after
Heap after GC invocations=26 (full 3):
 PSYoungGen      total 116736K, used 2051K [0x00000000f5500000, 0x0000000100000000, 0x0000000100000000)
  eden space 58368K, 0% used [0x00000000f5500000,0x00000000f5500000,0x00000000f8e00000)
  from space 58368K, 3% used [0x00000000f8e00000,0x00000000f9000cc0,0x00000000fc700000)
  to   space 58368K, 0% used [0x00000000fc700000,0x00000000fc700000,0x0000000100000000)
 ParOldGen       total 167936K, used 118996K [0x00000000e0000000, 0x00000000ea400000, 0x00000000f5500000)
  object space 167936K, 70% used [0x00000000e0000000,0x00000000e74352a0,0x00000000ea400000)
 PSPermGen       total 45568K, used 32581K [0x00000000dae00000, 0x00000000dda80000, 0x00000000e0000000)
  object space 45568K, 71% used [0x00000000dae00000,0x00000000dcdd14a0,0x00000000dda80000)
}
Event: 548.146 GC heap before
{Heap before GC invocations=27 (full 3):
 PSYoungGen      total 116736K, used 60419K [0x00000000f5500000, 0x0000000100000000, 0x0000000100000000)
  eden space 58368K, 100% used [0x00000000f5500000,0x00000000f8e00000,0x00000000f8e00000)
  from space 58368K, 3% used [0x00000000f8e00000,0x00000000f9000cc0,0x00000000fc700000)
  to   space 58368K, 0% used [0x00000000fc700000,0x00000000fc700000,0x0000000100000000)
 ParOldGen       total 167936K, used 118996K [0x00000000e0000000, 0x00000000ea400000, 0x00000000f5500000)
  object space 167936K, 70% used [0x00000000e0000000,0x00000000e74352a0,0x00000000ea400000)
 PSPermGen       total 45568K, used 33814K [0x00000000dae00000, 0x00000000dda80000, 0x00000000e0000000)
  object space 45568K, 74% used [0x00000000dae00000,0x00000000dcf05860,0x00000000dda80000)
Event: 548.155 GC heap after
Heap after GC invocations=27 (full 3):
 PSYoungGen      total 116736K, used 2498K [0x00000000f5500000, 0x0000000100000000, 0x0000000100000000)
  eden space 58368K, 0% used [0x00000000f5500000,0x00000000f5500000,0x00000000f8e00000)
  from space 58368K, 4% used [0x00000000fc700000,0x00000000fc970930,0x0000000100000000)
  to   space 58368K, 0% used [0x00000000f8e00000,0x00000000f8e00000,0x00000000fc700000)
 ParOldGen       total 167936K, used 120422K [0x00000000e0000000, 0x00000000ea400000, 0x00000000f5500000)
  object space 167936K, 71% used [0x00000000e0000000,0x00000000e7599a28,0x00000000ea400000)
 PSPermGen       total 45568K, used 33814K [0x00000000dae00000, 0x00000000dda80000, 0x00000000e0000000)
  object space 45568K, 74% used [0x00000000dae00000,0x00000000dcf05860,0x00000000dda80000)
}

